<?xml version="1.0" encoding="UTF-8"?>
<!-- Generated by org.testng.reporters.JUnitXMLReporter -->
<testsuite ignored="0" hostname="QA" failures="4" tests="6" name="Test" time="49.03" errors="0" timestamp="2025-07-20T21:51:22 IST">
  <testcase classname="tests.LoginTest" name="loginWithExcelData" time="0.802"/>
  <testcase classname="tests.LoginTest" name="loginWithExcelData" time="1.299"/>
  <testcase classname="tests.LoginTest" name="loginWithExcelData" time="0.057">
    <failure type="java.lang.IllegalArgumentException" message="Keys to send should be a not null CharSequence">
      <![CDATA[java.lang.IllegalArgumentException: Keys to send should be a not null CharSequence
at org.openqa.selenium.remote.RemoteWebElement.sendKeys(RemoteWebElement.java:96)
at org.openqa.selenium.support.pagefactory.internal.LocatingElementHandler.invoke(LocatingElementHandler.java:51)
at jdk.proxy2/jdk.proxy2.$Proxy24.sendKeys(Unknown Source)
at pages.LoginPage.enterUsername(LoginPage.java:33)
at pages.LoginPage.loginToApp(LoginPage.java:52)
at tests.LoginTest.loginWithExcelData(LoginTest.java:61)
at java.base/java.util.ArrayList.forEach(ArrayList.java:1597)
... Removed 27 stack frames]]>
    </failure>
  </testcase> <!-- loginWithExcelData -->
  <testcase classname="tests.LoginTest" name="loginWithExcelData" time="0.042">
    <failure type="java.lang.IllegalArgumentException" message="Keys to send should be a not null CharSequence">
      <![CDATA[java.lang.IllegalArgumentException: Keys to send should be a not null CharSequence
at org.openqa.selenium.remote.RemoteWebElement.sendKeys(RemoteWebElement.java:96)
at org.openqa.selenium.support.pagefactory.internal.LocatingElementHandler.invoke(LocatingElementHandler.java:51)
at jdk.proxy2/jdk.proxy2.$Proxy24.sendKeys(Unknown Source)
at pages.LoginPage.enterUsername(LoginPage.java:33)
at pages.LoginPage.loginToApp(LoginPage.java:52)
at tests.LoginTest.loginWithExcelData(LoginTest.java:61)
at java.base/java.util.ArrayList.forEach(ArrayList.java:1597)
... Removed 27 stack frames]]>
    </failure>
  </testcase> <!-- loginWithExcelData -->
  <testcase classname="tests.LoginTest" name="loginWithExcelData" time="0.025">
    <failure type="java.lang.IllegalArgumentException" message="Keys to send should be a not null CharSequence">
      <![CDATA[java.lang.IllegalArgumentException: Keys to send should be a not null CharSequence
at org.openqa.selenium.remote.RemoteWebElement.sendKeys(RemoteWebElement.java:96)
at org.openqa.selenium.support.pagefactory.internal.LocatingElementHandler.invoke(LocatingElementHandler.java:51)
at jdk.proxy2/jdk.proxy2.$Proxy24.sendKeys(Unknown Source)
at pages.LoginPage.enterUsername(LoginPage.java:33)
at pages.LoginPage.loginToApp(LoginPage.java:52)
at tests.LoginTest.loginWithExcelData(LoginTest.java:61)
at java.base/java.util.ArrayList.forEach(ArrayList.java:1597)
... Removed 27 stack frames]]>
    </failure>
  </testcase> <!-- loginWithExcelData -->
  <testcase classname="tests.LoginTest" name="loginWithExcelData" time="0.129">
    <failure type="java.lang.IllegalArgumentException" message="Keys to send should be a not null CharSequence">
      <![CDATA[java.lang.IllegalArgumentException: Keys to send should be a not null CharSequence
at org.openqa.selenium.remote.RemoteWebElement.sendKeys(RemoteWebElement.java:96)
at org.openqa.selenium.support.pagefactory.internal.LocatingElementHandler.invoke(LocatingElementHandler.java:51)
at jdk.proxy2/jdk.proxy2.$Proxy24.sendKeys(Unknown Source)
at pages.LoginPage.enterUsername(LoginPage.java:33)
at pages.LoginPage.loginToApp(LoginPage.java:52)
at tests.LoginTest.loginWithExcelData(LoginTest.java:61)
at java.base/java.util.ArrayList.forEach(ArrayList.java:1597)
... Removed 27 stack frames]]>
    </failure>
  </testcase> <!-- loginWithExcelData -->
</testsuite> <!-- Test -->
